{
  "RSpec": {
    "coverage": {
      "/home/pragmatic-gopher-9058/tic-tac-toe-rb-ruby-intro-000/lib/tic_tac_toe.rb": [
        null,
        1,
        32,
        null,
        null,
        1,
        16,
        null,
        null,
        1,
        16,
        16,
        16,
        16,
        16,
        null,
        null,
        1,
        16,
        16,
        null,
        null,
        null,
        1,
        16,
        16,
        0,
        null,
        null,
        null,
        null,
        1,
        null,
        null,
        null,
        null,
        null,
        null,
        null,
        null,
        null,
        1,
        1514,
        4,
        420,
        null,
        null,
        null,
        1,
        53,
        53,
        424,
        424,
        424,
        424,
        424,
        4,
        null,
        null,
        53,
        null,
        null,
        1,
        110,
        22,
        2,
        null,
        null,
        null,
        1,
        24,
        2,
        22,
        null,
        null,
        null,
        1,
        17,
        8,
        9,
        null,
        null,
        null,
        1,
        0,
        0,
        null,
        null,
        null,
        1,
        16,
        16,
        16,
        16,
        16,
        16,
        0,
        null,
        null,
        null,
        1,
        160,
        16,
        null,
        null,
        1,
        16,
        11,
        null,
        5,
        null,
        null,
        null,
        1,
        12,
        16,
        1,
        15,
        0,
        null,
        16,
        null,
        null
      ]
    },
    "timestamp": 1598258437
  }
}
