{
  "RSpec": {
    "coverage": {
      "/home/pragmatic-gopher-9058/tic-tac-toe-rb-ruby-intro-000/lib/tic_tac_toe.rb": [
        null,
        1,
        45,
        null,
        null,
        1,
        22,
        null,
        null,
        1,
        23,
        23,
        23,
        23,
        23,
        null,
        null,
        1,
        21,
        21,
        null,
        null,
        null,
        1,
        22,
        19,
        3,
        null,
        null,
        null,
        null,
        1,
        null,
        null,
        null,
        null,
        null,
        null,
        null,
        null,
        null,
        1,
        2232,
        21,
        571,
        null,
        null,
        null,
        1,
        74,
        74,
        592,
        592,
        592,
        592,
        592,
        21,
        null,
        null,
        74,
        null,
        null,
        1,
        165,
        24,
        6,
        null,
        null,
        null,
        1,
        34,
        5,
        29,
        null,
        null,
        null,
        1,
        24,
        13,
        11,
        null,
        null,
        null,
        1,
        4,
        3,
        null,
        null,
        null,
        1,
        19,
        19,
        19,
        19,
        18,
        18,
        1,
        null,
        null,
        null,
        1,
        200,
        20,
        null,
        null,
        1,
        19,
        14,
        null,
        5,
        null,
        null,
        null,
        1,
        12,
        16,
        16,
        2,
        14,
        0,
        null,
        null,
        null
      ]
    },
    "timestamp": 1598579476
  }
}
